
-------------------------------------------------------------------------------
Parsing project file - C:\Users\danaw167\Desktop\Matti Mod\project.xml
Mod Data Directory = c:/Users/danaw167/Desktop/Matti Mod/

-------------------------------------------------------------------------------
Processing Map Files files...

-------------------------------------------------------------------------------
Running Localization...
Parsing localization/rs_matti.string_table.xml

Building Languages
Exporting .loc2 files

-------------------------------------------------------------------------------
Searching for preview icon file c:/Users/danaw167/Desktop/Matti Mod/preview_icon.png...FOUND!
<UploadMode> - Set to dont_submit


-------------------------------------------------------------------------------
Modded files...

heroes/rs_matti/rs_matti_A/anim/rs_matti.sprite.afflicted.png
heroes/rs_matti/rs_matti_A/anim/rs_matti.sprite.attack_banner.png
heroes/rs_matti/rs_matti_A/anim/rs_matti.sprite.attack_charge.png
heroes/rs_matti/rs_matti_A/anim/rs_matti.sprite.attack_heal.png
heroes/rs_matti/rs_matti_A/anim/rs_matti.sprite.attack_scroll.png
heroes/rs_matti/rs_matti_A/anim/rs_matti.sprite.attack_stun.png
heroes/rs_matti/rs_matti_A/anim/rs_matti.sprite.attack_sword.png
heroes/rs_matti/rs_matti_A/anim/rs_matti.sprite.camp.png
heroes/rs_matti/rs_matti_A/anim/rs_matti.sprite.combat.png
heroes/rs_matti/rs_matti_A/anim/rs_matti.sprite.defend.png
heroes/rs_matti/rs_matti_A/anim/rs_matti.sprite.heroic.png
heroes/rs_matti/rs_matti_A/anim/rs_matti.sprite.idle.png
heroes/rs_matti/rs_matti_A/anim/rs_matti.sprite.investigate.png
heroes/rs_matti/rs_matti_A/anim/rs_matti.sprite.walk.png
heroes/rs_matti/rs_matti_B/anim/rs_matti.sprite.afflicted.png
heroes/rs_matti/rs_matti_B/anim/rs_matti.sprite.attack_banner.png
heroes/rs_matti/rs_matti_B/anim/rs_matti.sprite.attack_charge.png
heroes/rs_matti/rs_matti_B/anim/rs_matti.sprite.attack_heal.png
heroes/rs_matti/rs_matti_B/anim/rs_matti.sprite.attack_scroll.png
heroes/rs_matti/rs_matti_B/anim/rs_matti.sprite.attack_stun.png
heroes/rs_matti/rs_matti_B/anim/rs_matti.sprite.attack_sword.png
heroes/rs_matti/rs_matti_B/anim/rs_matti.sprite.camp.png
heroes/rs_matti/rs_matti_B/anim/rs_matti.sprite.combat.png
heroes/rs_matti/rs_matti_B/anim/rs_matti.sprite.defend.png
heroes/rs_matti/rs_matti_B/anim/rs_matti.sprite.heroic.png
heroes/rs_matti/rs_matti_B/anim/rs_matti.sprite.idle.png
heroes/rs_matti/rs_matti_B/anim/rs_matti.sprite.investigate.png
heroes/rs_matti/rs_matti_B/anim/rs_matti.sprite.walk.png
heroes/rs_matti/anim/rs_matti.sprite.afflicted.atlas
heroes/rs_matti/anim/rs_matti.sprite.afflicted.skel
heroes/rs_matti/anim/rs_matti.sprite.attack_banner.atlas
heroes/rs_matti/anim/rs_matti.sprite.attack_banner.skel
heroes/rs_matti/anim/rs_matti.sprite.attack_charge.atlas
heroes/rs_matti/anim/rs_matti.sprite.attack_charge.skel
heroes/rs_matti/anim/rs_matti.sprite.attack_heal.atlas
heroes/rs_matti/anim/rs_matti.sprite.attack_heal.skel
heroes/rs_matti/anim/rs_matti.sprite.attack_scroll.atlas
heroes/rs_matti/anim/rs_matti.sprite.attack_scroll.skel
heroes/rs_matti/anim/rs_matti.sprite.attack_stun.atlas
heroes/rs_matti/anim/rs_matti.sprite.attack_stun.skel
heroes/rs_matti/anim/rs_matti.sprite.attack_sword.atlas
heroes/rs_matti/anim/rs_matti.sprite.attack_sword.skel
heroes/rs_matti/anim/rs_matti.sprite.camp.atlas
heroes/rs_matti/anim/rs_matti.sprite.camp.skel
heroes/rs_matti/anim/rs_matti.sprite.combat.atlas
heroes/rs_matti/anim/rs_matti.sprite.combat.skel
heroes/rs_matti/anim/rs_matti.sprite.defend.atlas
heroes/rs_matti/anim/rs_matti.sprite.defend.skel
heroes/rs_matti/anim/rs_matti.sprite.heroic.atlas
heroes/rs_matti/anim/rs_matti.sprite.heroic.skel
heroes/rs_matti/anim/rs_matti.sprite.idle.atlas
heroes/rs_matti/anim/rs_matti.sprite.idle.skel
heroes/rs_matti/anim/rs_matti.sprite.investigate.atlas
heroes/rs_matti/anim/rs_matti.sprite.investigate.skel
heroes/rs_matti/anim/rs_matti.sprite.walk.atlas
heroes/rs_matti/anim/rs_matti.sprite.walk.skel
heroes/rs_matti/fx/rs_matti.sprite.battle_heal.atlas
heroes/rs_matti/fx/rs_matti.sprite.battle_heal.png
heroes/rs_matti/fx/rs_matti.sprite.battle_heal.skel
heroes/rs_matti/fx/rs_matti.sprite.battle_heal_target.atlas
heroes/rs_matti/fx/rs_matti.sprite.battle_heal_target.png
heroes/rs_matti/fx/rs_matti.sprite.battle_heal_target.skel
heroes/rs_matti/fx/rs_matti.sprite.brand_tainted_target.atlas
heroes/rs_matti/fx/rs_matti.sprite.brand_tainted_target.png
heroes/rs_matti/fx/rs_matti.sprite.brand_tainted_target.skel
heroes/rs_matti/fx/rs_matti.sprite.bulwark_of_faith.atlas
heroes/rs_matti/fx/rs_matti.sprite.bulwark_of_faith.png
heroes/rs_matti/fx/rs_matti.sprite.bulwark_of_faith.skel
heroes/rs_matti/fx/rs_matti.sprite.holy_lance.atlas
heroes/rs_matti/fx/rs_matti.sprite.holy_lance.png
heroes/rs_matti/fx/rs_matti.sprite.holy_lance.skel
heroes/rs_matti/fx/rs_matti.sprite.inspiring_cry.atlas
heroes/rs_matti/fx/rs_matti.sprite.inspiring_cry.png
heroes/rs_matti/fx/rs_matti.sprite.inspiring_cry.skel
heroes/rs_matti/fx/rs_matti.sprite.intimidate.atlas
heroes/rs_matti/fx/rs_matti.sprite.intimidate.png
heroes/rs_matti/fx/rs_matti.sprite.intimidate.skel
heroes/rs_matti/fx/rs_matti.sprite.smite.atlas
heroes/rs_matti/fx/rs_matti.sprite.smite.png
heroes/rs_matti/fx/rs_matti.sprite.smite.skel
heroes/rs_matti/fx/rs_matti.sprite.stunning_blow.atlas
heroes/rs_matti/fx/rs_matti.sprite.stunning_blow.png
heroes/rs_matti/fx/rs_matti.sprite.stunning_blow.skel
heroes/rs_matti/fx/rs_matti.sprite.stunning_blow_target.atlas
heroes/rs_matti/fx/rs_matti.sprite.stunning_blow_target.png
heroes/rs_matti/fx/rs_matti.sprite.stunning_blow_target.skel
heroes/rs_matti/fx/rs_matti.sprite.zealous_accusation.atlas
heroes/rs_matti/fx/rs_matti.sprite.zealous_accusation.png
heroes/rs_matti/fx/rs_matti.sprite.zealous_accusation.skel
heroes/rs_matti/icons_equip/eqp_armour_0.png
heroes/rs_matti/icons_equip/eqp_armour_1.png
heroes/rs_matti/icons_equip/eqp_armour_2.png
heroes/rs_matti/icons_equip/eqp_armour_3.png
heroes/rs_matti/icons_equip/eqp_armour_4.png
heroes/rs_matti/icons_equip/eqp_weapon_0.png
heroes/rs_matti/icons_equip/eqp_weapon_1.png
heroes/rs_matti/icons_equip/eqp_weapon_2.png
heroes/rs_matti/icons_equip/eqp_weapon_3.png
heroes/rs_matti/icons_equip/eqp_weapon_4.png
heroes/rs_matti/rs_matti_A/rs_matti_portrait_roster.png
heroes/rs_matti/rs_matti_B/rs_matti_portrait_roster.png
raid/camping/skill_icons/camp_skill_rsmatti_marching_orders.png
raid/camping/skill_icons/camp_skill_rsmatti_militia_training.png
heroes/rs_matti/flagellant_guild_header.png
heroes/rs_matti/rs_matti.ability.five.png
heroes/rs_matti/rs_matti.ability.four.png
heroes/rs_matti/rs_matti.ability.null.png
heroes/rs_matti/rs_matti.ability.one.png
heroes/rs_matti/rs_matti.ability.seven.png
heroes/rs_matti/rs_matti.ability.six.png
heroes/rs_matti/rs_matti.ability.three.png
heroes/rs_matti/rs_matti.ability.two.png
heroes/rs_matti/rs_matti.art.darkest
heroes/rs_matti/rs_matti.info.darkest
raid/camping/rs_matti.camping_skills.json
shared/buffs/rs_matti.buffs.json
shared/buffs/rs_matti_Desk.buffs.json
shared/trait/rs_matti.trait_library.json
upgrades/heroes/rs_matti.upgrades.json
effects/rs_matti.effects.darkest
localization/0_english.loc2
localization/rs_matti.string_table.xml
preview_icon.png
project.xml


*******************************************************************************
WARNING MOD WILL NOT BE UPLOADED
*******************************************************************************
Saving project file C:\Users\danaw167\Desktop\Matti Mod\project.xml

